2025-08-28 14:53:46 | reconforge.database  | DEBUG    | _log_to_appropriate_logger | [DATABASE] Entering function: core.database._initialize_database | Data: {"args_count": 1, "kwargs_keys": []}
2025-08-28 14:53:46 | reconforge.database  | DEBUG    | _log_to_appropriate_logger | [DATABASE] Entering function: core.database._initialize_database | Data: {"args_count": 1, "kwargs_keys": []}
2025-08-28 14:53:46 | reconforge.database  | DEBUG    | _log_to_appropriate_logger | [DATABASE] ReconForge database initialized | Data: {"database_path": "data/reconforge.db", "database_size_bytes": 4096, "wal_mode_enabled": true}
2025-08-28 14:53:46 | reconforge.database  | DEBUG    | _log_to_appropriate_logger | [DATABASE] ReconForge database initialized | Data: {"database_path": "data/reconforge.db", "database_size_bytes": 4096, "wal_mode_enabled": true}
2025-08-28 14:54:04 | reconforge.database  | DEBUG    | _log_to_appropriate_logger | [DATABASE] Entering function: core.database._initialize_database | Data: {"args_count": 1, "kwargs_keys": []}
2025-08-28 14:54:04 | reconforge.database  | DEBUG    | _log_to_appropriate_logger | [DATABASE] Entering function: core.database._initialize_database | Data: {"args_count": 1, "kwargs_keys": []}
2025-08-28 14:54:04 | reconforge.database  | DEBUG    | _log_to_appropriate_logger | [DATABASE] ReconForge database initialized | Data: {"database_path": "data/reconforge.db", "database_size_bytes": 126976, "wal_mode_enabled": true}
2025-08-28 14:54:04 | reconforge.database  | DEBUG    | _log_to_appropriate_logger | [DATABASE] ReconForge database initialized | Data: {"database_path": "data/reconforge.db", "database_size_bytes": 126976, "wal_mode_enabled": true}
2025-08-28 14:54:22 | reconforge.database  | DEBUG    | _log_to_appropriate_logger | [DATABASE] Entering function: core.database._initialize_database | Data: {"args_count": 1, "kwargs_keys": []}
2025-08-28 14:54:22 | reconforge.database  | DEBUG    | _log_to_appropriate_logger | [DATABASE] Entering function: core.database._initialize_database | Data: {"args_count": 1, "kwargs_keys": []}
2025-08-28 14:54:22 | reconforge.database  | DEBUG    | _log_to_appropriate_logger | [DATABASE] ReconForge database initialized | Data: {"database_path": "data/reconforge.db", "database_size_bytes": 126976, "wal_mode_enabled": true}
2025-08-28 14:54:22 | reconforge.database  | DEBUG    | _log_to_appropriate_logger | [DATABASE] ReconForge database initialized | Data: {"database_path": "data/reconforge.db", "database_size_bytes": 126976, "wal_mode_enabled": true}
2025-08-28 14:54:40 | reconforge.database  | DEBUG    | _log_to_appropriate_logger | [DATABASE] Entering function: core.database._initialize_database | Data: {"args_count": 1, "kwargs_keys": []}
2025-08-28 14:54:40 | reconforge.database  | DEBUG    | _log_to_appropriate_logger | [DATABASE] Entering function: core.database._initialize_database | Data: {"args_count": 1, "kwargs_keys": []}
2025-08-28 14:54:40 | reconforge.database  | DEBUG    | _log_to_appropriate_logger | [DATABASE] ReconForge database initialized | Data: {"database_path": "data/reconforge.db", "database_size_bytes": 126976, "wal_mode_enabled": true}
2025-08-28 14:54:40 | reconforge.database  | DEBUG    | _log_to_appropriate_logger | [DATABASE] ReconForge database initialized | Data: {"database_path": "data/reconforge.db", "database_size_bytes": 126976, "wal_mode_enabled": true}
2025-08-28 14:54:40 | reconforge.database  | DEBUG    | _log_to_appropriate_logger | [DATABASE] Entering function: core.database.create_session | Data: {"args_count": 3, "kwargs_keys": []}
2025-08-28 14:54:40 | reconforge.database  | DEBUG    | _log_to_appropriate_logger | [DATABASE] Entering function: core.database.create_session | Data: {"args_count": 3, "kwargs_keys": []}
2025-08-28 14:54:40 | reconforge.database  | DEBUG    | _log_to_appropriate_logger | [DATABASE] Session created | Data: {"session_id": "b3fd83bdbdc14ca0", "platform_info": {"session_id": "b3fd83bdbdc14ca0", "start_time": "2025-08-28T18:54:40.272677+00:00", "version": "2.0.0", "available_tools": 7, "missing_tools": 8}}
2025-08-28 14:54:40 | reconforge.database  | DEBUG    | _log_to_appropriate_logger | [DATABASE] Session created | Data: {"session_id": "b3fd83bdbdc14ca0", "platform_info": {"session_id": "b3fd83bdbdc14ca0", "start_time": "2025-08-28T18:54:40.272677+00:00", "version": "2.0.0", "available_tools": 7, "missing_tools": 8}}
2025-08-28 14:54:40 | reconforge.database  | DEBUG    | _log_to_appropriate_logger | [DATABASE] Entering function: core.database.end_session | Data: {"args_count": 3, "kwargs_keys": []}
2025-08-28 14:54:40 | reconforge.database  | DEBUG    | _log_to_appropriate_logger | [DATABASE] Entering function: core.database.end_session | Data: {"args_count": 3, "kwargs_keys": []}
2025-08-28 14:55:12 | reconforge.database  | DEBUG    | _log_to_appropriate_logger | [DATABASE] Entering function: core.database._initialize_database | Data: {"args_count": 1, "kwargs_keys": []}
2025-08-28 14:55:12 | reconforge.database  | DEBUG    | _log_to_appropriate_logger | [DATABASE] Entering function: core.database._initialize_database | Data: {"args_count": 1, "kwargs_keys": []}
2025-08-28 14:55:12 | reconforge.database  | DEBUG    | _log_to_appropriate_logger | [DATABASE] ReconForge database initialized | Data: {"database_path": "data/reconforge.db", "database_size_bytes": 126976, "wal_mode_enabled": true}
2025-08-28 14:55:12 | reconforge.database  | DEBUG    | _log_to_appropriate_logger | [DATABASE] ReconForge database initialized | Data: {"database_path": "data/reconforge.db", "database_size_bytes": 126976, "wal_mode_enabled": true}
2025-08-28 14:55:13 | reconforge.database  | DEBUG    | _log_to_appropriate_logger | [DATABASE] Entering function: core.database.create_session | Data: {"args_count": 3, "kwargs_keys": []}
2025-08-28 14:55:13 | reconforge.database  | DEBUG    | _log_to_appropriate_logger | [DATABASE] Entering function: core.database.create_session | Data: {"args_count": 3, "kwargs_keys": []}
2025-08-28 14:55:13 | reconforge.database  | DEBUG    | _log_to_appropriate_logger | [DATABASE] Session created | Data: {"session_id": "39b6a9bb6fc87e65", "platform_info": {"session_id": "39b6a9bb6fc87e65", "start_time": "2025-08-28T18:55:12.635407+00:00", "version": "2.0.0", "available_tools": 7, "missing_tools": 8}}
2025-08-28 14:55:13 | reconforge.database  | DEBUG    | _log_to_appropriate_logger | [DATABASE] Session created | Data: {"session_id": "39b6a9bb6fc87e65", "platform_info": {"session_id": "39b6a9bb6fc87e65", "start_time": "2025-08-28T18:55:12.635407+00:00", "version": "2.0.0", "available_tools": 7, "missing_tools": 8}}
2025-08-28 14:55:13 | reconforge.database  | DEBUG    | _log_to_appropriate_logger | [DATABASE] Entering function: core.database.end_session | Data: {"args_count": 3, "kwargs_keys": []}
2025-08-28 14:55:13 | reconforge.database  | DEBUG    | _log_to_appropriate_logger | [DATABASE] Entering function: core.database.end_session | Data: {"args_count": 3, "kwargs_keys": []}
2025-08-28 14:55:36 | reconforge.database  | DEBUG    | _log_to_appropriate_logger | [DATABASE] Entering function: core.database._initialize_database | Data: {"args_count": 1, "kwargs_keys": []}
2025-08-28 14:55:36 | reconforge.database  | DEBUG    | _log_to_appropriate_logger | [DATABASE] Entering function: core.database._initialize_database | Data: {"args_count": 1, "kwargs_keys": []}
2025-08-28 14:55:36 | reconforge.database  | DEBUG    | _log_to_appropriate_logger | [DATABASE] ReconForge database initialized | Data: {"database_path": "data/reconforge.db", "database_size_bytes": 126976, "wal_mode_enabled": true}
2025-08-28 14:55:36 | reconforge.database  | DEBUG    | _log_to_appropriate_logger | [DATABASE] ReconForge database initialized | Data: {"database_path": "data/reconforge.db", "database_size_bytes": 126976, "wal_mode_enabled": true}
2025-08-28 14:55:36 | reconforge.database  | DEBUG    | _log_to_appropriate_logger | [DATABASE] Entering function: core.database.create_session | Data: {"args_count": 3, "kwargs_keys": []}
2025-08-28 14:55:36 | reconforge.database  | DEBUG    | _log_to_appropriate_logger | [DATABASE] Entering function: core.database.create_session | Data: {"args_count": 3, "kwargs_keys": []}
2025-08-28 14:55:36 | reconforge.database  | DEBUG    | _log_to_appropriate_logger | [DATABASE] Session created | Data: {"session_id": "074c5f5e4ca3695d", "platform_info": {"session_id": "074c5f5e4ca3695d", "start_time": "2025-08-28T18:55:36.425695+00:00", "version": "2.0.0", "available_tools": 7, "missing_tools": 8}}
2025-08-28 14:55:36 | reconforge.database  | DEBUG    | _log_to_appropriate_logger | [DATABASE] Session created | Data: {"session_id": "074c5f5e4ca3695d", "platform_info": {"session_id": "074c5f5e4ca3695d", "start_time": "2025-08-28T18:55:36.425695+00:00", "version": "2.0.0", "available_tools": 7, "missing_tools": 8}}
2025-08-28 14:55:36 | reconforge.database  | DEBUG    | _log_to_appropriate_logger | [DATABASE] Entering function: core.database.end_session | Data: {"args_count": 2, "kwargs_keys": []}
2025-08-28 14:55:36 | reconforge.database  | DEBUG    | _log_to_appropriate_logger | [DATABASE] Entering function: core.database.end_session | Data: {"args_count": 2, "kwargs_keys": []}
2025-08-28 14:55:36 | reconforge.database  | DEBUG    | _log_to_appropriate_logger | [DATABASE] Session ended | Data: {"session_id": "074c5f5e4ca3695d"}
2025-08-28 14:55:36 | reconforge.database  | DEBUG    | _log_to_appropriate_logger | [DATABASE] Session ended | Data: {"session_id": "074c5f5e4ca3695d"}
2025-08-28 14:55:36 | reconforge.database  | DEBUG    | _log_to_appropriate_logger | [DATABASE] Database connections closed
2025-08-28 14:55:36 | reconforge.database  | DEBUG    | _log_to_appropriate_logger | [DATABASE] Database connections closed
2025-08-29 02:42:03 | reconforge.database  | DEBUG    | _log_to_appropriate_logger | [DATABASE] Entering function: core.database._initialize_database | Data: {"args_count": 1, "kwargs_keys": []}
2025-08-29 02:42:03 | reconforge.database  | DEBUG    | _log_to_appropriate_logger | [DATABASE] Entering function: core.database._initialize_database | Data: {"args_count": 1, "kwargs_keys": []}
2025-08-29 02:42:03 | reconforge.database  | DEBUG    | _log_to_appropriate_logger | [DATABASE] ReconForge database initialized | Data: {"database_path": "data/reconforge.db", "database_size_bytes": 126976, "wal_mode_enabled": true}
2025-08-29 02:42:03 | reconforge.database  | DEBUG    | _log_to_appropriate_logger | [DATABASE] ReconForge database initialized | Data: {"database_path": "data/reconforge.db", "database_size_bytes": 126976, "wal_mode_enabled": true}
2025-08-29 02:42:04 | reconforge.database  | DEBUG    | _log_to_appropriate_logger | [DATABASE] Entering function: core.database.create_session | Data: {"args_count": 3, "kwargs_keys": []}
2025-08-29 02:42:04 | reconforge.database  | DEBUG    | _log_to_appropriate_logger | [DATABASE] Entering function: core.database.create_session | Data: {"args_count": 3, "kwargs_keys": []}
2025-08-29 02:42:04 | reconforge.database  | DEBUG    | _log_to_appropriate_logger | [DATABASE] Session created | Data: {"session_id": "43d814b9518755aa", "platform_info": {"session_id": "43d814b9518755aa", "start_time": "2025-08-29T06:42:03.970261+00:00", "version": "2.0.0", "available_tools": 7, "missing_tools": 8}}
2025-08-29 02:42:04 | reconforge.database  | DEBUG    | _log_to_appropriate_logger | [DATABASE] Session created | Data: {"session_id": "43d814b9518755aa", "platform_info": {"session_id": "43d814b9518755aa", "start_time": "2025-08-29T06:42:03.970261+00:00", "version": "2.0.0", "available_tools": 7, "missing_tools": 8}}
2025-08-29 02:42:04 | reconforge.database  | DEBUG    | _log_to_appropriate_logger | [DATABASE] Entering function: core.database.end_session | Data: {"args_count": 2, "kwargs_keys": []}
2025-08-29 02:42:04 | reconforge.database  | DEBUG    | _log_to_appropriate_logger | [DATABASE] Entering function: core.database.end_session | Data: {"args_count": 2, "kwargs_keys": []}
2025-08-29 02:42:04 | reconforge.database  | DEBUG    | _log_to_appropriate_logger | [DATABASE] Session ended | Data: {"session_id": "43d814b9518755aa"}
2025-08-29 02:42:04 | reconforge.database  | DEBUG    | _log_to_appropriate_logger | [DATABASE] Session ended | Data: {"session_id": "43d814b9518755aa"}
2025-08-29 02:42:04 | reconforge.database  | DEBUG    | _log_to_appropriate_logger | [DATABASE] Database connections closed
2025-08-29 02:42:04 | reconforge.database  | DEBUG    | _log_to_appropriate_logger | [DATABASE] Database connections closed
2025-08-29 02:42:10 | reconforge.database  | DEBUG    | _log_to_appropriate_logger | [DATABASE] Entering function: core.database._initialize_database | Data: {"args_count": 1, "kwargs_keys": []}
2025-08-29 02:42:10 | reconforge.database  | DEBUG    | _log_to_appropriate_logger | [DATABASE] Entering function: core.database._initialize_database | Data: {"args_count": 1, "kwargs_keys": []}
2025-08-29 02:42:10 | reconforge.database  | DEBUG    | _log_to_appropriate_logger | [DATABASE] ReconForge database initialized | Data: {"database_path": "data/reconforge.db", "database_size_bytes": 126976, "wal_mode_enabled": true}
2025-08-29 02:42:10 | reconforge.database  | DEBUG    | _log_to_appropriate_logger | [DATABASE] ReconForge database initialized | Data: {"database_path": "data/reconforge.db", "database_size_bytes": 126976, "wal_mode_enabled": true}
2025-08-29 02:42:11 | reconforge.database  | DEBUG    | _log_to_appropriate_logger | [DATABASE] Entering function: core.database.create_session | Data: {"args_count": 3, "kwargs_keys": []}
2025-08-29 02:42:11 | reconforge.database  | DEBUG    | _log_to_appropriate_logger | [DATABASE] Entering function: core.database.create_session | Data: {"args_count": 3, "kwargs_keys": []}
2025-08-29 02:42:11 | reconforge.database  | DEBUG    | _log_to_appropriate_logger | [DATABASE] Session created | Data: {"session_id": "e01e95e2cd5a16b5", "platform_info": {"session_id": "e01e95e2cd5a16b5", "start_time": "2025-08-29T06:42:10.781747+00:00", "version": "2.0.0", "available_tools": 7, "missing_tools": 8}}
2025-08-29 02:42:11 | reconforge.database  | DEBUG    | _log_to_appropriate_logger | [DATABASE] Session created | Data: {"session_id": "e01e95e2cd5a16b5", "platform_info": {"session_id": "e01e95e2cd5a16b5", "start_time": "2025-08-29T06:42:10.781747+00:00", "version": "2.0.0", "available_tools": 7, "missing_tools": 8}}
2025-08-29 02:42:11 | reconforge.database  | DEBUG    | _log_to_appropriate_logger | [DATABASE] Entering function: core.database.end_session | Data: {"args_count": 2, "kwargs_keys": []}
2025-08-29 02:42:11 | reconforge.database  | DEBUG    | _log_to_appropriate_logger | [DATABASE] Entering function: core.database.end_session | Data: {"args_count": 2, "kwargs_keys": []}
2025-08-29 02:42:11 | reconforge.database  | DEBUG    | _log_to_appropriate_logger | [DATABASE] Session ended | Data: {"session_id": "e01e95e2cd5a16b5"}
2025-08-29 02:42:11 | reconforge.database  | DEBUG    | _log_to_appropriate_logger | [DATABASE] Session ended | Data: {"session_id": "e01e95e2cd5a16b5"}
2025-08-29 02:42:11 | reconforge.database  | DEBUG    | _log_to_appropriate_logger | [DATABASE] Database connections closed
2025-08-29 02:42:11 | reconforge.database  | DEBUG    | _log_to_appropriate_logger | [DATABASE] Database connections closed
2025-08-30 12:07:51 | reconforge.database  | DEBUG    | _log_to_appropriate_logger | [DATABASE] Entering function: core.database._initialize_database | Data: {"args_count": 1, "kwargs_keys": []}
2025-08-30 12:07:51 | reconforge.database  | DEBUG    | _log_to_appropriate_logger | [DATABASE] Entering function: core.database._initialize_database | Data: {"args_count": 1, "kwargs_keys": []}
2025-08-30 12:07:51 | reconforge.database  | DEBUG    | _log_to_appropriate_logger | [DATABASE] ReconForge database initialized | Data: {"database_path": "data/reconforge.db", "database_size_bytes": 126976, "wal_mode_enabled": true}
2025-08-30 12:07:51 | reconforge.database  | DEBUG    | _log_to_appropriate_logger | [DATABASE] ReconForge database initialized | Data: {"database_path": "data/reconforge.db", "database_size_bytes": 126976, "wal_mode_enabled": true}
2025-08-30 12:07:52 | reconforge.database  | DEBUG    | _log_to_appropriate_logger | [DATABASE] Entering function: core.database.create_session | Data: {"args_count": 3, "kwargs_keys": []}
2025-08-30 12:07:52 | reconforge.database  | DEBUG    | _log_to_appropriate_logger | [DATABASE] Entering function: core.database.create_session | Data: {"args_count": 3, "kwargs_keys": []}
2025-08-30 12:07:52 | reconforge.database  | DEBUG    | _log_to_appropriate_logger | [DATABASE] Session created | Data: {"session_id": "fd8f1284b8b0a916", "platform_info": {"session_id": "fd8f1284b8b0a916", "start_time": "2025-08-30T16:07:51.898913+00:00", "version": "2.0.0", "available_tools": 7, "missing_tools": 8}}
2025-08-30 12:07:52 | reconforge.database  | DEBUG    | _log_to_appropriate_logger | [DATABASE] Session created | Data: {"session_id": "fd8f1284b8b0a916", "platform_info": {"session_id": "fd8f1284b8b0a916", "start_time": "2025-08-30T16:07:51.898913+00:00", "version": "2.0.0", "available_tools": 7, "missing_tools": 8}}
2025-08-30 12:11:29 | reconforge.database  | DEBUG    | _log_to_appropriate_logger | [DATABASE] Entering function: core.database.end_session | Data: {"args_count": 2, "kwargs_keys": []}
2025-08-30 12:11:29 | reconforge.database  | DEBUG    | _log_to_appropriate_logger | [DATABASE] Entering function: core.database.end_session | Data: {"args_count": 2, "kwargs_keys": []}
2025-08-30 12:11:29 | reconforge.database  | DEBUG    | _log_to_appropriate_logger | [DATABASE] Session ended | Data: {"session_id": "fd8f1284b8b0a916"}
2025-08-30 12:11:29 | reconforge.database  | DEBUG    | _log_to_appropriate_logger | [DATABASE] Session ended | Data: {"session_id": "fd8f1284b8b0a916"}
2025-08-30 12:11:29 | reconforge.database  | DEBUG    | _log_to_appropriate_logger | [DATABASE] Database connections closed
2025-08-30 12:11:29 | reconforge.database  | DEBUG    | _log_to_appropriate_logger | [DATABASE] Database connections closed
2025-08-30 12:12:41 | reconforge.database  | DEBUG    | _log_to_appropriate_logger | [DATABASE] Entering function: core.database._initialize_database | Data: {"args_count": 1, "kwargs_keys": []}
2025-08-30 12:12:41 | reconforge.database  | DEBUG    | _log_to_appropriate_logger | [DATABASE] Entering function: core.database._initialize_database | Data: {"args_count": 1, "kwargs_keys": []}
2025-08-30 12:12:41 | reconforge.database  | DEBUG    | _log_to_appropriate_logger | [DATABASE] ReconForge database initialized | Data: {"database_path": "data/reconforge.db", "database_size_bytes": 126976, "wal_mode_enabled": true}
2025-08-30 12:12:41 | reconforge.database  | DEBUG    | _log_to_appropriate_logger | [DATABASE] ReconForge database initialized | Data: {"database_path": "data/reconforge.db", "database_size_bytes": 126976, "wal_mode_enabled": true}
2025-08-30 12:12:41 | reconforge.database  | DEBUG    | _log_to_appropriate_logger | [DATABASE] Entering function: core.database.create_session | Data: {"args_count": 3, "kwargs_keys": []}
2025-08-30 12:12:41 | reconforge.database  | DEBUG    | _log_to_appropriate_logger | [DATABASE] Entering function: core.database.create_session | Data: {"args_count": 3, "kwargs_keys": []}
2025-08-30 12:12:41 | reconforge.database  | DEBUG    | _log_to_appropriate_logger | [DATABASE] Session created | Data: {"session_id": "a6497701d9e8f294", "platform_info": {"session_id": "a6497701d9e8f294", "start_time": "2025-08-30T16:12:41.432115+00:00", "version": "2.0.0", "available_tools": 7, "missing_tools": 8}}
2025-08-30 12:12:41 | reconforge.database  | DEBUG    | _log_to_appropriate_logger | [DATABASE] Session created | Data: {"session_id": "a6497701d9e8f294", "platform_info": {"session_id": "a6497701d9e8f294", "start_time": "2025-08-30T16:12:41.432115+00:00", "version": "2.0.0", "available_tools": 7, "missing_tools": 8}}
2025-08-30 12:12:41 | reconforge.database  | DEBUG    | _log_to_appropriate_logger | [DATABASE] Entering function: core.database.end_session | Data: {"args_count": 2, "kwargs_keys": []}
2025-08-30 12:12:41 | reconforge.database  | DEBUG    | _log_to_appropriate_logger | [DATABASE] Entering function: core.database.end_session | Data: {"args_count": 2, "kwargs_keys": []}
2025-08-30 12:12:41 | reconforge.database  | DEBUG    | _log_to_appropriate_logger | [DATABASE] Session ended | Data: {"session_id": "a6497701d9e8f294"}
2025-08-30 12:12:41 | reconforge.database  | DEBUG    | _log_to_appropriate_logger | [DATABASE] Session ended | Data: {"session_id": "a6497701d9e8f294"}
2025-08-30 12:12:41 | reconforge.database  | DEBUG    | _log_to_appropriate_logger | [DATABASE] Database connections closed
2025-08-30 12:12:41 | reconforge.database  | DEBUG    | _log_to_appropriate_logger | [DATABASE] Database connections closed
2025-08-30 12:14:43 | reconforge.database  | DEBUG    | _log_to_appropriate_logger | [DATABASE] Entering function: core.database._initialize_database | Data: {"args_count": 1, "kwargs_keys": []}
2025-08-30 12:14:43 | reconforge.database  | DEBUG    | _log_to_appropriate_logger | [DATABASE] Entering function: core.database._initialize_database | Data: {"args_count": 1, "kwargs_keys": []}
2025-08-30 12:14:43 | reconforge.database  | DEBUG    | _log_to_appropriate_logger | [DATABASE] ReconForge database initialized | Data: {"database_path": "data/reconforge.db", "database_size_bytes": 126976, "wal_mode_enabled": true}
2025-08-30 12:14:43 | reconforge.database  | DEBUG    | _log_to_appropriate_logger | [DATABASE] ReconForge database initialized | Data: {"database_path": "data/reconforge.db", "database_size_bytes": 126976, "wal_mode_enabled": true}
2025-08-30 12:14:44 | reconforge.database  | DEBUG    | _log_to_appropriate_logger | [DATABASE] Entering function: core.database.create_session | Data: {"args_count": 3, "kwargs_keys": []}
2025-08-30 12:14:44 | reconforge.database  | DEBUG    | _log_to_appropriate_logger | [DATABASE] Entering function: core.database.create_session | Data: {"args_count": 3, "kwargs_keys": []}
2025-08-30 12:14:44 | reconforge.database  | DEBUG    | _log_to_appropriate_logger | [DATABASE] Session created | Data: {"session_id": "185aa0d48f1f2603", "platform_info": {"session_id": "185aa0d48f1f2603", "start_time": "2025-08-30T16:14:43.350734+00:00", "version": "2.0.0", "available_tools": 7, "missing_tools": 8}}
2025-08-30 12:14:44 | reconforge.database  | DEBUG    | _log_to_appropriate_logger | [DATABASE] Session created | Data: {"session_id": "185aa0d48f1f2603", "platform_info": {"session_id": "185aa0d48f1f2603", "start_time": "2025-08-30T16:14:43.350734+00:00", "version": "2.0.0", "available_tools": 7, "missing_tools": 8}}
2025-08-30 12:14:53 | reconforge.database  | DEBUG    | _log_to_appropriate_logger | [DATABASE] Entering function: core.database.end_session | Data: {"args_count": 2, "kwargs_keys": []}
2025-08-30 12:14:53 | reconforge.database  | DEBUG    | _log_to_appropriate_logger | [DATABASE] Entering function: core.database.end_session | Data: {"args_count": 2, "kwargs_keys": []}
2025-08-30 12:14:53 | reconforge.database  | DEBUG    | _log_to_appropriate_logger | [DATABASE] Session ended | Data: {"session_id": "185aa0d48f1f2603"}
2025-08-30 12:14:53 | reconforge.database  | DEBUG    | _log_to_appropriate_logger | [DATABASE] Session ended | Data: {"session_id": "185aa0d48f1f2603"}
2025-08-30 12:14:53 | reconforge.database  | DEBUG    | _log_to_appropriate_logger | [DATABASE] Database connections closed
2025-08-30 12:14:53 | reconforge.database  | DEBUG    | _log_to_appropriate_logger | [DATABASE] Database connections closed
2025-08-30 12:14:57 | reconforge.database  | DEBUG    | _log_to_appropriate_logger | [DATABASE] Entering function: core.database._initialize_database | Data: {"args_count": 1, "kwargs_keys": []}
2025-08-30 12:14:57 | reconforge.database  | DEBUG    | _log_to_appropriate_logger | [DATABASE] Entering function: core.database._initialize_database | Data: {"args_count": 1, "kwargs_keys": []}
2025-08-30 12:14:57 | reconforge.database  | DEBUG    | _log_to_appropriate_logger | [DATABASE] ReconForge database initialized | Data: {"database_path": "data/reconforge.db", "database_size_bytes": 126976, "wal_mode_enabled": true}
2025-08-30 12:14:57 | reconforge.database  | DEBUG    | _log_to_appropriate_logger | [DATABASE] ReconForge database initialized | Data: {"database_path": "data/reconforge.db", "database_size_bytes": 126976, "wal_mode_enabled": true}
2025-08-30 12:14:58 | reconforge.database  | DEBUG    | _log_to_appropriate_logger | [DATABASE] Entering function: core.database.create_session | Data: {"args_count": 3, "kwargs_keys": []}
2025-08-30 12:14:58 | reconforge.database  | DEBUG    | _log_to_appropriate_logger | [DATABASE] Entering function: core.database.create_session | Data: {"args_count": 3, "kwargs_keys": []}
2025-08-30 12:14:58 | reconforge.database  | DEBUG    | _log_to_appropriate_logger | [DATABASE] Session created | Data: {"session_id": "e6b329d3c0d6e822", "platform_info": {"session_id": "e6b329d3c0d6e822", "start_time": "2025-08-30T16:14:57.825247+00:00", "version": "2.0.0", "available_tools": 7, "missing_tools": 8}}
2025-08-30 12:14:58 | reconforge.database  | DEBUG    | _log_to_appropriate_logger | [DATABASE] Session created | Data: {"session_id": "e6b329d3c0d6e822", "platform_info": {"session_id": "e6b329d3c0d6e822", "start_time": "2025-08-30T16:14:57.825247+00:00", "version": "2.0.0", "available_tools": 7, "missing_tools": 8}}
2025-08-30 12:14:58 | reconforge.database  | DEBUG    | _log_to_appropriate_logger | [DATABASE] Entering function: core.database.end_session | Data: {"args_count": 2, "kwargs_keys": []}
2025-08-30 12:14:58 | reconforge.database  | DEBUG    | _log_to_appropriate_logger | [DATABASE] Entering function: core.database.end_session | Data: {"args_count": 2, "kwargs_keys": []}
2025-08-30 12:14:58 | reconforge.database  | DEBUG    | _log_to_appropriate_logger | [DATABASE] Session ended | Data: {"session_id": "e6b329d3c0d6e822"}
2025-08-30 12:14:58 | reconforge.database  | DEBUG    | _log_to_appropriate_logger | [DATABASE] Session ended | Data: {"session_id": "e6b329d3c0d6e822"}
2025-08-30 12:14:58 | reconforge.database  | DEBUG    | _log_to_appropriate_logger | [DATABASE] Database connections closed
2025-08-30 12:14:58 | reconforge.database  | DEBUG    | _log_to_appropriate_logger | [DATABASE] Database connections closed
2025-08-30 12:15:29 | reconforge.database  | DEBUG    | _log_to_appropriate_logger | [DATABASE] Entering function: core.database._initialize_database | Data: {"args_count": 1, "kwargs_keys": []}
2025-08-30 12:15:29 | reconforge.database  | DEBUG    | _log_to_appropriate_logger | [DATABASE] Entering function: core.database._initialize_database | Data: {"args_count": 1, "kwargs_keys": []}
2025-08-30 12:15:29 | reconforge.database  | DEBUG    | _log_to_appropriate_logger | [DATABASE] ReconForge database initialized | Data: {"database_path": "data/reconforge.db", "database_size_bytes": 126976, "wal_mode_enabled": true}
2025-08-30 12:15:29 | reconforge.database  | DEBUG    | _log_to_appropriate_logger | [DATABASE] ReconForge database initialized | Data: {"database_path": "data/reconforge.db", "database_size_bytes": 126976, "wal_mode_enabled": true}
2025-08-30 12:15:29 | reconforge.database  | DEBUG    | _log_to_appropriate_logger | [DATABASE] Entering function: core.database.create_session | Data: {"args_count": 3, "kwargs_keys": []}
2025-08-30 12:15:29 | reconforge.database  | DEBUG    | _log_to_appropriate_logger | [DATABASE] Entering function: core.database.create_session | Data: {"args_count": 3, "kwargs_keys": []}
2025-08-30 12:15:29 | reconforge.database  | DEBUG    | _log_to_appropriate_logger | [DATABASE] Session created | Data: {"session_id": "b1867398848ed73f", "platform_info": {"session_id": "b1867398848ed73f", "start_time": "2025-08-30T16:15:29.376235+00:00", "version": "2.0.0", "available_tools": 7, "missing_tools": 8}}
2025-08-30 12:15:29 | reconforge.database  | DEBUG    | _log_to_appropriate_logger | [DATABASE] Session created | Data: {"session_id": "b1867398848ed73f", "platform_info": {"session_id": "b1867398848ed73f", "start_time": "2025-08-30T16:15:29.376235+00:00", "version": "2.0.0", "available_tools": 7, "missing_tools": 8}}
2025-08-30 12:15:51 | reconforge.database  | DEBUG    | _log_to_appropriate_logger | [DATABASE] Entering function: core.database._initialize_database | Data: {"args_count": 1, "kwargs_keys": []}
2025-08-30 12:15:51 | reconforge.database  | DEBUG    | _log_to_appropriate_logger | [DATABASE] Entering function: core.database._initialize_database | Data: {"args_count": 1, "kwargs_keys": []}
2025-08-30 12:15:51 | reconforge.database  | DEBUG    | _log_to_appropriate_logger | [DATABASE] ReconForge database initialized | Data: {"database_path": "data/reconforge.db", "database_size_bytes": 126976, "wal_mode_enabled": true}
2025-08-30 12:15:51 | reconforge.database  | DEBUG    | _log_to_appropriate_logger | [DATABASE] ReconForge database initialized | Data: {"database_path": "data/reconforge.db", "database_size_bytes": 126976, "wal_mode_enabled": true}
2025-08-30 12:15:51 | reconforge.database  | DEBUG    | _log_to_appropriate_logger | [DATABASE] Entering function: core.database.create_session | Data: {"args_count": 3, "kwargs_keys": []}
2025-08-30 12:15:51 | reconforge.database  | DEBUG    | _log_to_appropriate_logger | [DATABASE] Entering function: core.database.create_session | Data: {"args_count": 3, "kwargs_keys": []}
2025-08-30 12:15:51 | reconforge.database  | DEBUG    | _log_to_appropriate_logger | [DATABASE] Session created | Data: {"session_id": "e7bd26e2c9d48339", "platform_info": {"session_id": "e7bd26e2c9d48339", "start_time": "2025-08-30T16:15:51.127513+00:00", "version": "2.0.0", "available_tools": 7, "missing_tools": 8}}
2025-08-30 12:15:51 | reconforge.database  | DEBUG    | _log_to_appropriate_logger | [DATABASE] Session created | Data: {"session_id": "e7bd26e2c9d48339", "platform_info": {"session_id": "e7bd26e2c9d48339", "start_time": "2025-08-30T16:15:51.127513+00:00", "version": "2.0.0", "available_tools": 7, "missing_tools": 8}}
2025-08-30 12:15:51 | reconforge.database  | DEBUG    | _log_to_appropriate_logger | [DATABASE] Entering function: core.database.end_session | Data: {"args_count": 2, "kwargs_keys": []}
2025-08-30 12:15:51 | reconforge.database  | DEBUG    | _log_to_appropriate_logger | [DATABASE] Entering function: core.database.end_session | Data: {"args_count": 2, "kwargs_keys": []}
2025-08-30 12:15:51 | reconforge.database  | DEBUG    | _log_to_appropriate_logger | [DATABASE] Session ended | Data: {"session_id": "e7bd26e2c9d48339"}
2025-08-30 12:15:51 | reconforge.database  | DEBUG    | _log_to_appropriate_logger | [DATABASE] Session ended | Data: {"session_id": "e7bd26e2c9d48339"}
2025-08-30 12:15:51 | reconforge.database  | DEBUG    | _log_to_appropriate_logger | [DATABASE] Database connections closed
2025-08-30 12:15:51 | reconforge.database  | DEBUG    | _log_to_appropriate_logger | [DATABASE] Database connections closed
2025-08-30 12:16:03 | reconforge.database  | DEBUG    | _log_to_appropriate_logger | [DATABASE] Entering function: core.database._initialize_database | Data: {"args_count": 1, "kwargs_keys": []}
2025-08-30 12:16:03 | reconforge.database  | DEBUG    | _log_to_appropriate_logger | [DATABASE] Entering function: core.database._initialize_database | Data: {"args_count": 1, "kwargs_keys": []}
2025-08-30 12:16:03 | reconforge.database  | DEBUG    | _log_to_appropriate_logger | [DATABASE] ReconForge database initialized | Data: {"database_path": "data/reconforge.db", "database_size_bytes": 126976, "wal_mode_enabled": true}
2025-08-30 12:16:03 | reconforge.database  | DEBUG    | _log_to_appropriate_logger | [DATABASE] ReconForge database initialized | Data: {"database_path": "data/reconforge.db", "database_size_bytes": 126976, "wal_mode_enabled": true}
2025-08-30 12:16:03 | reconforge.database  | DEBUG    | _log_to_appropriate_logger | [DATABASE] Entering function: core.database.create_session | Data: {"args_count": 3, "kwargs_keys": []}
2025-08-30 12:16:03 | reconforge.database  | DEBUG    | _log_to_appropriate_logger | [DATABASE] Entering function: core.database.create_session | Data: {"args_count": 3, "kwargs_keys": []}
2025-08-30 12:16:03 | reconforge.database  | DEBUG    | _log_to_appropriate_logger | [DATABASE] Session created | Data: {"session_id": "bf33d0397e583458", "platform_info": {"session_id": "bf33d0397e583458", "start_time": "2025-08-30T16:16:03.122785+00:00", "version": "2.0.0", "available_tools": 7, "missing_tools": 8}}
2025-08-30 12:16:03 | reconforge.database  | DEBUG    | _log_to_appropriate_logger | [DATABASE] Session created | Data: {"session_id": "bf33d0397e583458", "platform_info": {"session_id": "bf33d0397e583458", "start_time": "2025-08-30T16:16:03.122785+00:00", "version": "2.0.0", "available_tools": 7, "missing_tools": 8}}
2025-08-30 12:16:03 | reconforge.database  | DEBUG    | _log_to_appropriate_logger | [DATABASE] Entering function: core.database.end_session | Data: {"args_count": 2, "kwargs_keys": []}
2025-08-30 12:16:03 | reconforge.database  | DEBUG    | _log_to_appropriate_logger | [DATABASE] Entering function: core.database.end_session | Data: {"args_count": 2, "kwargs_keys": []}
2025-08-30 12:16:03 | reconforge.database  | DEBUG    | _log_to_appropriate_logger | [DATABASE] Session ended | Data: {"session_id": "bf33d0397e583458"}
2025-08-30 12:16:03 | reconforge.database  | DEBUG    | _log_to_appropriate_logger | [DATABASE] Session ended | Data: {"session_id": "bf33d0397e583458"}
2025-08-30 12:16:03 | reconforge.database  | DEBUG    | _log_to_appropriate_logger | [DATABASE] Database connections closed
2025-08-30 12:16:03 | reconforge.database  | DEBUG    | _log_to_appropriate_logger | [DATABASE] Database connections closed
2025-08-30 12:16:21 | reconforge.database  | DEBUG    | _log_to_appropriate_logger | [DATABASE] Entering function: core.database._initialize_database | Data: {"args_count": 1, "kwargs_keys": []}
2025-08-30 12:16:21 | reconforge.database  | DEBUG    | _log_to_appropriate_logger | [DATABASE] Entering function: core.database._initialize_database | Data: {"args_count": 1, "kwargs_keys": []}
2025-08-30 12:16:21 | reconforge.database  | DEBUG    | _log_to_appropriate_logger | [DATABASE] ReconForge database initialized | Data: {"database_path": "data/reconforge.db", "database_size_bytes": 126976, "wal_mode_enabled": true}
2025-08-30 12:16:21 | reconforge.database  | DEBUG    | _log_to_appropriate_logger | [DATABASE] ReconForge database initialized | Data: {"database_path": "data/reconforge.db", "database_size_bytes": 126976, "wal_mode_enabled": true}
2025-08-30 12:16:21 | reconforge.database  | DEBUG    | _log_to_appropriate_logger | [DATABASE] Entering function: core.database.create_session | Data: {"args_count": 3, "kwargs_keys": []}
2025-08-30 12:16:21 | reconforge.database  | DEBUG    | _log_to_appropriate_logger | [DATABASE] Entering function: core.database.create_session | Data: {"args_count": 3, "kwargs_keys": []}
2025-08-30 12:16:21 | reconforge.database  | DEBUG    | _log_to_appropriate_logger | [DATABASE] Session created | Data: {"session_id": "8efc3cc00fadd1ea", "platform_info": {"session_id": "8efc3cc00fadd1ea", "start_time": "2025-08-30T16:16:21.101688+00:00", "version": "2.0.0", "available_tools": 7, "missing_tools": 8}}
2025-08-30 12:16:21 | reconforge.database  | DEBUG    | _log_to_appropriate_logger | [DATABASE] Session created | Data: {"session_id": "8efc3cc00fadd1ea", "platform_info": {"session_id": "8efc3cc00fadd1ea", "start_time": "2025-08-30T16:16:21.101688+00:00", "version": "2.0.0", "available_tools": 7, "missing_tools": 8}}
2025-08-30 12:16:21 | reconforge.database  | DEBUG    | _log_to_appropriate_logger | [DATABASE] Entering function: core.database.end_session | Data: {"args_count": 2, "kwargs_keys": []}
2025-08-30 12:16:21 | reconforge.database  | DEBUG    | _log_to_appropriate_logger | [DATABASE] Entering function: core.database.end_session | Data: {"args_count": 2, "kwargs_keys": []}
2025-08-30 12:16:21 | reconforge.database  | DEBUG    | _log_to_appropriate_logger | [DATABASE] Session ended | Data: {"session_id": "8efc3cc00fadd1ea"}
2025-08-30 12:16:21 | reconforge.database  | DEBUG    | _log_to_appropriate_logger | [DATABASE] Session ended | Data: {"session_id": "8efc3cc00fadd1ea"}
2025-08-30 12:16:21 | reconforge.database  | DEBUG    | _log_to_appropriate_logger | [DATABASE] Database connections closed
2025-08-30 12:16:21 | reconforge.database  | DEBUG    | _log_to_appropriate_logger | [DATABASE] Database connections closed
2025-08-30 12:20:53 | reconforge.database  | DEBUG    | _log_to_appropriate_logger | [DATABASE] Entering function: core.database._initialize_database | Data: {"args_count": 1, "kwargs_keys": []}
2025-08-30 12:20:53 | reconforge.database  | DEBUG    | _log_to_appropriate_logger | [DATABASE] Entering function: core.database._initialize_database | Data: {"args_count": 1, "kwargs_keys": []}
2025-08-30 12:20:53 | reconforge.database  | DEBUG    | _log_to_appropriate_logger | [DATABASE] ReconForge database initialized | Data: {"database_path": "data/reconforge.db", "database_size_bytes": 126976, "wal_mode_enabled": true}
2025-08-30 12:20:53 | reconforge.database  | DEBUG    | _log_to_appropriate_logger | [DATABASE] ReconForge database initialized | Data: {"database_path": "data/reconforge.db", "database_size_bytes": 126976, "wal_mode_enabled": true}
2025-08-30 12:20:53 | reconforge.database  | DEBUG    | _log_to_appropriate_logger | [DATABASE] Entering function: core.database.create_session | Data: {"args_count": 3, "kwargs_keys": []}
2025-08-30 12:20:53 | reconforge.database  | DEBUG    | _log_to_appropriate_logger | [DATABASE] Entering function: core.database.create_session | Data: {"args_count": 3, "kwargs_keys": []}
2025-08-30 12:20:53 | reconforge.database  | DEBUG    | _log_to_appropriate_logger | [DATABASE] Session created | Data: {"session_id": "38b0f79c2a5c0818", "platform_info": {"session_id": "38b0f79c2a5c0818", "start_time": "2025-08-30T16:20:53.213033+00:00", "version": "2.0.0", "available_tools": 7, "missing_tools": 8}}
2025-08-30 12:20:53 | reconforge.database  | DEBUG    | _log_to_appropriate_logger | [DATABASE] Session created | Data: {"session_id": "38b0f79c2a5c0818", "platform_info": {"session_id": "38b0f79c2a5c0818", "start_time": "2025-08-30T16:20:53.213033+00:00", "version": "2.0.0", "available_tools": 7, "missing_tools": 8}}
2025-08-30 12:20:53 | reconforge.database  | DEBUG    | _log_to_appropriate_logger | [DATABASE] Entering function: core.database.end_session | Data: {"args_count": 2, "kwargs_keys": []}
2025-08-30 12:20:53 | reconforge.database  | DEBUG    | _log_to_appropriate_logger | [DATABASE] Entering function: core.database.end_session | Data: {"args_count": 2, "kwargs_keys": []}
2025-08-30 12:20:53 | reconforge.database  | DEBUG    | _log_to_appropriate_logger | [DATABASE] Session ended | Data: {"session_id": "38b0f79c2a5c0818"}
2025-08-30 12:20:53 | reconforge.database  | DEBUG    | _log_to_appropriate_logger | [DATABASE] Session ended | Data: {"session_id": "38b0f79c2a5c0818"}
2025-08-30 12:20:53 | reconforge.database  | DEBUG    | _log_to_appropriate_logger | [DATABASE] Database connections closed
2025-08-30 12:20:53 | reconforge.database  | DEBUG    | _log_to_appropriate_logger | [DATABASE] Database connections closed
