2025-08-30 12:15:51 | reconforge.main      | INFO     | _log_to_appropriate_logger | [SYSTEM] ReconForge logging system initialized | Data: {"session_id": "reconforge_20250830_121551", "log_directory": "logs", "session_start": "2025-08-30T12:15:51.127580", "python_version": "3.13.6 (main, Aug  7 2025, 10:53:54) [GCC 14.2.0]", "platform": "linux"}
2025-08-30 12:15:51 | reconforge.main      | INFO     | _log_to_appropriate_logger | [SYSTEM] Log level changed to DEBUG
2025-08-30 12:15:51 | reconforge.main      | INFO     | _log_to_appropriate_logger | [SYSTEM] === ReconForge Application Startup ===
2025-08-30 12:15:51 | reconforge.main      | INFO     | _log_to_appropriate_logger | [SYSTEM] Version: 2.0.0
2025-08-30 12:15:51 | reconforge.main      | INFO     | _log_to_appropriate_logger | [SYSTEM] Build Date: 2025-08-28
2025-08-30 12:15:51 | reconforge.main      | INFO     | _log_to_appropriate_logger | [SYSTEM] Startup Time: 2025-08-30T16:15:51.127513+00:00
2025-08-30 12:15:51 | reconforge.main      | INFO     | _log_to_appropriate_logger | [SYSTEM] Python Version: 3.13.6 (main, Aug  7 2025, 10:53:54) [GCC 14.2.0]
2025-08-30 12:15:51 | reconforge.main      | INFO     | _log_to_appropriate_logger | [SYSTEM] Working Directory: /home/kali/reconforge
2025-08-30 12:15:51 | reconforge.main      | INFO     | _log_to_appropriate_logger | [SYSTEM] ReconForge logging system initialized | Data: {"session_id": "reconforge_20250830_121551", "log_directory": "logs", "session_start": "2025-08-30T12:15:51.128563", "python_version": "3.13.6 (main, Aug  7 2025, 10:53:54) [GCC 14.2.0]", "platform": "linux"}
2025-08-30 12:15:51 | reconforge.main      | INFO     | _log_to_appropriate_logger | [SYSTEM] ReconForge logging system initialized | Data: {"session_id": "reconforge_20250830_121551", "log_directory": "logs", "session_start": "2025-08-30T12:15:51.128563", "python_version": "3.13.6 (main, Aug  7 2025, 10:53:54) [GCC 14.2.0]", "platform": "linux"}
2025-08-30 12:15:51 | reconforge.main      | INFO     | _log_to_appropriate_logger | [CONFIG] Configuration loaded from file | Data: {"config_file": "config.json", "file_size_bytes": 6079}
2025-08-30 12:15:51 | reconforge.main      | INFO     | _log_to_appropriate_logger | [CONFIG] Configuration loaded from file | Data: {"config_file": "config.json", "file_size_bytes": 6079}
2025-08-30 12:15:51 | reconforge.main      | WARNING  | _log_to_appropriate_logger | [SYSTEM] Tool not found: subfinder
2025-08-30 12:15:51 | reconforge.main      | WARNING  | _log_to_appropriate_logger | [SYSTEM] Tool not found: subfinder
2025-08-30 12:15:51 | reconforge.main      | INFO     | _log_to_appropriate_logger | [CONFIG] Auto-detected tool: amass | Data: {"tool_path": "/usr/bin/amass"}
2025-08-30 12:15:51 | reconforge.main      | INFO     | _log_to_appropriate_logger | [CONFIG] Auto-detected tool: amass | Data: {"tool_path": "/usr/bin/amass"}
2025-08-30 12:15:51 | reconforge.main      | WARNING  | _log_to_appropriate_logger | [SYSTEM] Tool not found: assetfinder
2025-08-30 12:15:51 | reconforge.main      | WARNING  | _log_to_appropriate_logger | [SYSTEM] Tool not found: assetfinder
2025-08-30 12:15:51 | reconforge.main      | WARNING  | _log_to_appropriate_logger | [SYSTEM] Tool not found: nuclei
2025-08-30 12:15:51 | reconforge.main      | WARNING  | _log_to_appropriate_logger | [SYSTEM] Tool not found: nuclei
2025-08-30 12:15:51 | reconforge.main      | INFO     | _log_to_appropriate_logger | [CONFIG] Auto-detected tool: httpx | Data: {"tool_path": "/usr/bin/httpx"}
2025-08-30 12:15:51 | reconforge.main      | INFO     | _log_to_appropriate_logger | [CONFIG] Auto-detected tool: httpx | Data: {"tool_path": "/usr/bin/httpx"}
2025-08-30 12:15:51 | reconforge.main      | INFO     | _log_to_appropriate_logger | [CONFIG] Auto-detected tool: nmap | Data: {"tool_path": "/usr/bin/nmap"}
2025-08-30 12:15:51 | reconforge.main      | INFO     | _log_to_appropriate_logger | [CONFIG] Auto-detected tool: nmap | Data: {"tool_path": "/usr/bin/nmap"}
2025-08-30 12:15:51 | reconforge.main      | INFO     | _log_to_appropriate_logger | [CONFIG] Auto-detected tool: gobuster | Data: {"tool_path": "/usr/bin/gobuster"}
2025-08-30 12:15:51 | reconforge.main      | INFO     | _log_to_appropriate_logger | [CONFIG] Auto-detected tool: gobuster | Data: {"tool_path": "/usr/bin/gobuster"}
2025-08-30 12:15:51 | reconforge.main      | INFO     | _log_to_appropriate_logger | [CONFIG] Auto-detected tool: sqlmap | Data: {"tool_path": "/usr/bin/sqlmap"}
2025-08-30 12:15:51 | reconforge.main      | INFO     | _log_to_appropriate_logger | [CONFIG] Auto-detected tool: sqlmap | Data: {"tool_path": "/usr/bin/sqlmap"}
2025-08-30 12:15:51 | reconforge.main      | INFO     | _log_to_appropriate_logger | [CONFIG] Auto-detected tool: nikto | Data: {"tool_path": "/usr/bin/nikto"}
2025-08-30 12:15:51 | reconforge.main      | INFO     | _log_to_appropriate_logger | [CONFIG] Auto-detected tool: nikto | Data: {"tool_path": "/usr/bin/nikto"}
2025-08-30 12:15:51 | reconforge.main      | INFO     | _log_to_appropriate_logger | [CONFIG] Auto-detected tool: masscan | Data: {"tool_path": "/usr/bin/masscan"}
2025-08-30 12:15:51 | reconforge.main      | INFO     | _log_to_appropriate_logger | [CONFIG] Auto-detected tool: masscan | Data: {"tool_path": "/usr/bin/masscan"}
2025-08-30 12:15:51 | reconforge.main      | WARNING  | _log_to_appropriate_logger | [SYSTEM] Tool not found: shuffledns
2025-08-30 12:15:51 | reconforge.main      | WARNING  | _log_to_appropriate_logger | [SYSTEM] Tool not found: shuffledns
2025-08-30 12:15:51 | reconforge.main      | WARNING  | _log_to_appropriate_logger | [SYSTEM] Tool not found: gau
2025-08-30 12:15:51 | reconforge.main      | WARNING  | _log_to_appropriate_logger | [SYSTEM] Tool not found: gau
2025-08-30 12:15:51 | reconforge.main      | WARNING  | _log_to_appropriate_logger | [SYSTEM] Tool not found: waybackurls
2025-08-30 12:15:51 | reconforge.main      | WARNING  | _log_to_appropriate_logger | [SYSTEM] Tool not found: waybackurls
2025-08-30 12:15:51 | reconforge.main      | WARNING  | _log_to_appropriate_logger | [SYSTEM] Tool not found: testssl
2025-08-30 12:15:51 | reconforge.main      | WARNING  | _log_to_appropriate_logger | [SYSTEM] Tool not found: testssl
2025-08-30 12:15:51 | reconforge.main      | INFO     | _log_to_appropriate_logger | [CONFIG] Auto-detected 7 tools
2025-08-30 12:15:51 | reconforge.main      | INFO     | _log_to_appropriate_logger | [CONFIG] Auto-detected 7 tools
2025-08-30 12:15:51 | reconforge.main      | INFO     | _log_to_appropriate_logger | [PERFORMANCE] Operation 'core.config.load_config' completed in 1.97ms | Data: {"operation_id": "core.config.load_config_1756570551129", "operation_name": "core.config.load_config", "duration_ms": 1.97, "success": true, "thread_id": "MainThread", "function_result": "success"} | Duration: 1.97ms
2025-08-30 12:15:51 | reconforge.main      | INFO     | _log_to_appropriate_logger | [PERFORMANCE] Operation 'core.config.load_config' completed in 1.97ms | Data: {"operation_id": "core.config.load_config_1756570551129", "operation_name": "core.config.load_config", "duration_ms": 1.97, "success": true, "thread_id": "MainThread", "function_result": "success"} | Duration: 1.97ms
2025-08-30 12:15:51 | reconforge.main      | INFO     | _log_to_appropriate_logger | [CONFIG] Configuration system initialized | Data: {"config_file": "config.json", "sections": ["general", "api_keys", "tools", "terminal", "performance", "scanning", "reporting"], "backup_dir": "config_backups"}
2025-08-30 12:15:51 | reconforge.main      | INFO     | _log_to_appropriate_logger | [CONFIG] Configuration system initialized | Data: {"config_file": "config.json", "sections": ["general", "api_keys", "tools", "terminal", "performance", "scanning", "reporting"], "backup_dir": "config_backups"}
2025-08-30 12:15:51 | reconforge.main      | INFO     | _log_to_appropriate_logger | [CONFIG] Configuration loaded from file | Data: {"config_file": "config.json", "file_size_bytes": 6079}
2025-08-30 12:15:51 | reconforge.main      | INFO     | _log_to_appropriate_logger | [CONFIG] Configuration loaded from file | Data: {"config_file": "config.json", "file_size_bytes": 6079}
2025-08-30 12:15:51 | reconforge.main      | WARNING  | _log_to_appropriate_logger | [SYSTEM] Tool not found: subfinder
2025-08-30 12:15:51 | reconforge.main      | WARNING  | _log_to_appropriate_logger | [SYSTEM] Tool not found: subfinder
2025-08-30 12:15:51 | reconforge.main      | INFO     | _log_to_appropriate_logger | [CONFIG] Auto-detected tool: amass | Data: {"tool_path": "/usr/bin/amass"}
2025-08-30 12:15:51 | reconforge.main      | INFO     | _log_to_appropriate_logger | [CONFIG] Auto-detected tool: amass | Data: {"tool_path": "/usr/bin/amass"}
2025-08-30 12:15:51 | reconforge.main      | WARNING  | _log_to_appropriate_logger | [SYSTEM] Tool not found: assetfinder
2025-08-30 12:15:51 | reconforge.main      | WARNING  | _log_to_appropriate_logger | [SYSTEM] Tool not found: assetfinder
2025-08-30 12:15:51 | reconforge.main      | WARNING  | _log_to_appropriate_logger | [SYSTEM] Tool not found: nuclei
2025-08-30 12:15:51 | reconforge.main      | WARNING  | _log_to_appropriate_logger | [SYSTEM] Tool not found: nuclei
2025-08-30 12:15:51 | reconforge.main      | INFO     | _log_to_appropriate_logger | [CONFIG] Auto-detected tool: httpx | Data: {"tool_path": "/usr/bin/httpx"}
2025-08-30 12:15:51 | reconforge.main      | INFO     | _log_to_appropriate_logger | [CONFIG] Auto-detected tool: httpx | Data: {"tool_path": "/usr/bin/httpx"}
2025-08-30 12:15:51 | reconforge.main      | INFO     | _log_to_appropriate_logger | [CONFIG] Auto-detected tool: nmap | Data: {"tool_path": "/usr/bin/nmap"}
2025-08-30 12:15:51 | reconforge.main      | INFO     | _log_to_appropriate_logger | [CONFIG] Auto-detected tool: nmap | Data: {"tool_path": "/usr/bin/nmap"}
2025-08-30 12:15:51 | reconforge.main      | INFO     | _log_to_appropriate_logger | [CONFIG] Auto-detected tool: gobuster | Data: {"tool_path": "/usr/bin/gobuster"}
2025-08-30 12:15:51 | reconforge.main      | INFO     | _log_to_appropriate_logger | [CONFIG] Auto-detected tool: gobuster | Data: {"tool_path": "/usr/bin/gobuster"}
2025-08-30 12:15:51 | reconforge.main      | INFO     | _log_to_appropriate_logger | [CONFIG] Auto-detected tool: sqlmap | Data: {"tool_path": "/usr/bin/sqlmap"}
2025-08-30 12:15:51 | reconforge.main      | INFO     | _log_to_appropriate_logger | [CONFIG] Auto-detected tool: sqlmap | Data: {"tool_path": "/usr/bin/sqlmap"}
2025-08-30 12:15:51 | reconforge.main      | INFO     | _log_to_appropriate_logger | [CONFIG] Auto-detected tool: nikto | Data: {"tool_path": "/usr/bin/nikto"}
2025-08-30 12:15:51 | reconforge.main      | INFO     | _log_to_appropriate_logger | [CONFIG] Auto-detected tool: nikto | Data: {"tool_path": "/usr/bin/nikto"}
2025-08-30 12:15:51 | reconforge.main      | INFO     | _log_to_appropriate_logger | [CONFIG] Auto-detected tool: masscan | Data: {"tool_path": "/usr/bin/masscan"}
2025-08-30 12:15:51 | reconforge.main      | INFO     | _log_to_appropriate_logger | [CONFIG] Auto-detected tool: masscan | Data: {"tool_path": "/usr/bin/masscan"}
2025-08-30 12:15:51 | reconforge.main      | WARNING  | _log_to_appropriate_logger | [SYSTEM] Tool not found: shuffledns
2025-08-30 12:15:51 | reconforge.main      | WARNING  | _log_to_appropriate_logger | [SYSTEM] Tool not found: shuffledns
2025-08-30 12:15:51 | reconforge.main      | WARNING  | _log_to_appropriate_logger | [SYSTEM] Tool not found: gau
2025-08-30 12:15:51 | reconforge.main      | WARNING  | _log_to_appropriate_logger | [SYSTEM] Tool not found: gau
2025-08-30 12:15:51 | reconforge.main      | WARNING  | _log_to_appropriate_logger | [SYSTEM] Tool not found: waybackurls
2025-08-30 12:15:51 | reconforge.main      | WARNING  | _log_to_appropriate_logger | [SYSTEM] Tool not found: waybackurls
2025-08-30 12:15:51 | reconforge.main      | WARNING  | _log_to_appropriate_logger | [SYSTEM] Tool not found: testssl
2025-08-30 12:15:51 | reconforge.main      | WARNING  | _log_to_appropriate_logger | [SYSTEM] Tool not found: testssl
2025-08-30 12:15:51 | reconforge.main      | INFO     | _log_to_appropriate_logger | [CONFIG] Auto-detected 7 tools
2025-08-30 12:15:51 | reconforge.main      | INFO     | _log_to_appropriate_logger | [CONFIG] Auto-detected 7 tools
2025-08-30 12:15:51 | reconforge.main      | INFO     | _log_to_appropriate_logger | [PERFORMANCE] Operation 'core.config.load_config' completed in 1.86ms | Data: {"operation_id": "core.config.load_config_1756570551131", "operation_name": "core.config.load_config", "duration_ms": 1.86, "success": true, "thread_id": "MainThread", "function_result": "success"} | Duration: 1.86ms
2025-08-30 12:15:51 | reconforge.main      | INFO     | _log_to_appropriate_logger | [PERFORMANCE] Operation 'core.config.load_config' completed in 1.86ms | Data: {"operation_id": "core.config.load_config_1756570551131", "operation_name": "core.config.load_config", "duration_ms": 1.86, "success": true, "thread_id": "MainThread", "function_result": "success"} | Duration: 1.86ms
2025-08-30 12:15:51 | reconforge.main      | INFO     | _log_to_appropriate_logger | [SYSTEM] Configuration loaded successfully
2025-08-30 12:15:51 | reconforge.main      | INFO     | _log_to_appropriate_logger | [SYSTEM] Configuration loaded successfully
2025-08-30 12:15:51 | reconforge.main      | INFO     | _log_to_appropriate_logger | [PERFORMANCE] Operation 'core.database._initialize_database' completed in 0.82ms | Data: {"operation_id": "core.database._initialize_database_1756570551133", "operation_name": "core.database._initialize_database", "duration_ms": 0.82, "success": true, "thread_id": "MainThread", "function_result": "success"} | Duration: 0.82ms
2025-08-30 12:15:51 | reconforge.main      | INFO     | _log_to_appropriate_logger | [PERFORMANCE] Operation 'core.database._initialize_database' completed in 0.82ms | Data: {"operation_id": "core.database._initialize_database_1756570551133", "operation_name": "core.database._initialize_database", "duration_ms": 0.82, "success": true, "thread_id": "MainThread", "function_result": "success"} | Duration: 0.82ms
2025-08-30 12:15:51 | reconforge.main      | INFO     | _log_to_appropriate_logger | [SYSTEM] Database initialized successfully
2025-08-30 12:15:51 | reconforge.main      | INFO     | _log_to_appropriate_logger | [SYSTEM] Database initialized successfully
2025-08-30 12:15:51 | reconforge.main      | INFO     | _log_to_appropriate_logger | [SYSTEM] Starting tool availability scan
2025-08-30 12:15:51 | reconforge.main      | INFO     | _log_to_appropriate_logger | [SYSTEM] Starting tool availability scan
2025-08-30 12:15:51 | reconforge.main      | INFO     | _log_to_appropriate_logger | [SYSTEM] Tool subfinder not found in PATH
2025-08-30 12:15:51 | reconforge.main      | INFO     | _log_to_appropriate_logger | [SYSTEM] Tool subfinder not found in PATH
2025-08-30 12:15:51 | reconforge.main      | INFO     | _log_to_appropriate_logger | [SYSTEM] Tool assetfinder not found in PATH
2025-08-30 12:15:51 | reconforge.main      | INFO     | _log_to_appropriate_logger | [SYSTEM] Tool assetfinder not found in PATH
2025-08-30 12:15:51 | reconforge.main      | INFO     | _log_to_appropriate_logger | [SYSTEM] Tool amass found at /usr/bin/amass
2025-08-30 12:15:51 | reconforge.main      | INFO     | _log_to_appropriate_logger | [SYSTEM] Tool amass found at /usr/bin/amass
2025-08-30 12:15:51 | reconforge.main      | INFO     | _log_to_appropriate_logger | [SYSTEM] Tool nuclei not found in PATH
2025-08-30 12:15:51 | reconforge.main      | INFO     | _log_to_appropriate_logger | [SYSTEM] Tool nuclei not found in PATH
2025-08-30 12:15:51 | reconforge.main      | INFO     | _log_to_appropriate_logger | [SYSTEM] Tool httpx found at /usr/bin/httpx
2025-08-30 12:15:51 | reconforge.main      | INFO     | _log_to_appropriate_logger | [SYSTEM] Tool httpx found at /usr/bin/httpx
2025-08-30 12:15:51 | reconforge.main      | INFO     | _log_to_appropriate_logger | [SYSTEM] Tool nmap found at /usr/bin/nmap
2025-08-30 12:15:51 | reconforge.main      | INFO     | _log_to_appropriate_logger | [SYSTEM] Tool nmap found at /usr/bin/nmap
2025-08-30 12:15:51 | reconforge.main      | INFO     | _log_to_appropriate_logger | [SYSTEM] Tool gobuster found at /usr/bin/gobuster
2025-08-30 12:15:51 | reconforge.main      | INFO     | _log_to_appropriate_logger | [SYSTEM] Tool gobuster found at /usr/bin/gobuster
2025-08-30 12:15:51 | reconforge.main      | INFO     | _log_to_appropriate_logger | [SYSTEM] Tool sqlmap found at /usr/bin/sqlmap
2025-08-30 12:15:51 | reconforge.main      | INFO     | _log_to_appropriate_logger | [SYSTEM] Tool sqlmap found at /usr/bin/sqlmap
2025-08-30 12:15:51 | reconforge.main      | INFO     | _log_to_appropriate_logger | [SYSTEM] Tool masscan found at /usr/bin/masscan
2025-08-30 12:15:51 | reconforge.main      | INFO     | _log_to_appropriate_logger | [SYSTEM] Tool masscan found at /usr/bin/masscan
2025-08-30 12:15:51 | reconforge.main      | INFO     | _log_to_appropriate_logger | [SYSTEM] Tool ffuf found at /usr/bin/ffuf
2025-08-30 12:15:51 | reconforge.main      | INFO     | _log_to_appropriate_logger | [SYSTEM] Tool ffuf found at /usr/bin/ffuf
2025-08-30 12:15:51 | reconforge.main      | INFO     | _log_to_appropriate_logger | [SYSTEM] Tool waybackurls not found in PATH
2025-08-30 12:15:51 | reconforge.main      | INFO     | _log_to_appropriate_logger | [SYSTEM] Tool waybackurls not found in PATH
2025-08-30 12:15:51 | reconforge.main      | INFO     | _log_to_appropriate_logger | [SYSTEM] Tool gau not found in PATH
2025-08-30 12:15:51 | reconforge.main      | INFO     | _log_to_appropriate_logger | [SYSTEM] Tool gau not found in PATH
2025-08-30 12:15:51 | reconforge.main      | INFO     | _log_to_appropriate_logger | [SYSTEM] Tool dnsx not found in PATH
2025-08-30 12:15:51 | reconforge.main      | INFO     | _log_to_appropriate_logger | [SYSTEM] Tool dnsx not found in PATH
2025-08-30 12:15:51 | reconforge.main      | INFO     | _log_to_appropriate_logger | [SYSTEM] Tool subzy not found in PATH
2025-08-30 12:15:51 | reconforge.main      | INFO     | _log_to_appropriate_logger | [SYSTEM] Tool subzy not found in PATH
2025-08-30 12:15:51 | reconforge.main      | INFO     | _log_to_appropriate_logger | [SYSTEM] Tool chaos not found in PATH
2025-08-30 12:15:51 | reconforge.main      | INFO     | _log_to_appropriate_logger | [SYSTEM] Tool chaos not found in PATH
2025-08-30 12:15:51 | reconforge.main      | INFO     | _log_to_appropriate_logger | [SYSTEM] Tool scan complete: 7/15 tools available
2025-08-30 12:15:51 | reconforge.main      | INFO     | _log_to_appropriate_logger | [SYSTEM] Tool scan complete: 7/15 tools available
2025-08-30 12:15:51 | reconforge.main      | INFO     | _log_to_appropriate_logger | [SYSTEM] Utilities initialized successfully
2025-08-30 12:15:51 | reconforge.main      | INFO     | _log_to_appropriate_logger | [SYSTEM] Utilities initialized successfully
2025-08-30 12:15:51 | reconforge.main      | INFO     | _log_to_appropriate_logger | [SYSTEM] Session ID: e7bd26e2c9d48339
2025-08-30 12:15:51 | reconforge.main      | INFO     | _log_to_appropriate_logger | [SYSTEM] Session ID: e7bd26e2c9d48339
2025-08-30 12:15:51 | reconforge.main      | INFO     | _log_to_appropriate_logger | [SYSTEM] System Information: {'platform': 'linux', 'python_version': '3.13.6', 'working_directory': '/home/kali/reconforge', 'user': 'kali', 'home': '/home/kali', 'path_separator': ':', 'timestamp': '2025-08-30T16:15:51.579689+00:00'}
2025-08-30 12:15:51 | reconforge.main      | INFO     | _log_to_appropriate_logger | [SYSTEM] System Information: {'platform': 'linux', 'python_version': '3.13.6', 'working_directory': '/home/kali/reconforge', 'user': 'kali', 'home': '/home/kali', 'path_separator': ':', 'timestamp': '2025-08-30T16:15:51.579689+00:00'}
2025-08-30 12:15:51 | reconforge.main      | INFO     | _log_to_appropriate_logger | [SYSTEM] Available tools: 7
2025-08-30 12:15:51 | reconforge.main      | INFO     | _log_to_appropriate_logger | [SYSTEM] Available tools: 7
2025-08-30 12:15:51 | reconforge.main      | INFO     | _log_to_appropriate_logger | [SYSTEM] Missing tools: 8
2025-08-30 12:15:51 | reconforge.main      | INFO     | _log_to_appropriate_logger | [SYSTEM] Missing tools: 8
2025-08-30 12:15:51 | reconforge.main      | INFO     | _log_to_appropriate_logger | [TOOL] Available: amass - Network mapping of attack surfaces
2025-08-30 12:15:51 | reconforge.main      | INFO     | _log_to_appropriate_logger | [TOOL] Available: amass - Network mapping of attack surfaces
2025-08-30 12:15:51 | reconforge.main      | INFO     | _log_to_appropriate_logger | [TOOL] Available: httpx - Fast HTTP prober
2025-08-30 12:15:51 | reconforge.main      | INFO     | _log_to_appropriate_logger | [TOOL] Available: httpx - Fast HTTP prober
2025-08-30 12:15:51 | reconforge.main      | INFO     | _log_to_appropriate_logger | [TOOL] Available: nmap - Network mapper and port scanner
2025-08-30 12:15:51 | reconforge.main      | INFO     | _log_to_appropriate_logger | [TOOL] Available: nmap - Network mapper and port scanner
2025-08-30 12:15:51 | reconforge.main      | INFO     | _log_to_appropriate_logger | [TOOL] Available: gobuster - Directory and file brute forcer
2025-08-30 12:15:51 | reconforge.main      | INFO     | _log_to_appropriate_logger | [TOOL] Available: gobuster - Directory and file brute forcer
2025-08-30 12:15:51 | reconforge.main      | INFO     | _log_to_appropriate_logger | [TOOL] Available: sqlmap - SQL injection testing tool
2025-08-30 12:15:51 | reconforge.main      | INFO     | _log_to_appropriate_logger | [TOOL] Available: sqlmap - SQL injection testing tool
2025-08-30 12:15:51 | reconforge.main      | INFO     | _log_to_appropriate_logger | [TOOL] Available: masscan - Fast port scanner
2025-08-30 12:15:51 | reconforge.main      | INFO     | _log_to_appropriate_logger | [TOOL] Available: masscan - Fast port scanner
2025-08-30 12:15:51 | reconforge.main      | INFO     | _log_to_appropriate_logger | [TOOL] Available: ffuf - Fast web fuzzer
2025-08-30 12:15:51 | reconforge.main      | INFO     | _log_to_appropriate_logger | [TOOL] Available: ffuf - Fast web fuzzer
2025-08-30 12:15:51 | reconforge.main      | INFO     | _log_to_appropriate_logger | [TOOL] Missing: subfinder - Fast passive subdomain enumeration
2025-08-30 12:15:51 | reconforge.main      | INFO     | _log_to_appropriate_logger | [TOOL] Missing: subfinder - Fast passive subdomain enumeration
2025-08-30 12:15:51 | reconforge.main      | INFO     | _log_to_appropriate_logger | [TOOL] Missing: assetfinder - Subdomain discovery tool
2025-08-30 12:15:51 | reconforge.main      | INFO     | _log_to_appropriate_logger | [TOOL] Missing: assetfinder - Subdomain discovery tool
2025-08-30 12:15:51 | reconforge.main      | INFO     | _log_to_appropriate_logger | [TOOL] Missing: nuclei - Vulnerability scanner based on templates
2025-08-30 12:15:51 | reconforge.main      | INFO     | _log_to_appropriate_logger | [TOOL] Missing: nuclei - Vulnerability scanner based on templates
2025-08-30 12:15:51 | reconforge.main      | INFO     | _log_to_appropriate_logger | [TOOL] Missing: waybackurls - Fetch URLs from Wayback Machine
2025-08-30 12:15:51 | reconforge.main      | INFO     | _log_to_appropriate_logger | [TOOL] Missing: waybackurls - Fetch URLs from Wayback Machine
2025-08-30 12:15:51 | reconforge.main      | INFO     | _log_to_appropriate_logger | [TOOL] Missing: gau - Get All URLs from various sources
2025-08-30 12:15:51 | reconforge.main      | INFO     | _log_to_appropriate_logger | [TOOL] Missing: gau - Get All URLs from various sources
2025-08-30 12:15:51 | reconforge.main      | INFO     | _log_to_appropriate_logger | [TOOL] Missing: dnsx - Fast DNS toolkit
2025-08-30 12:15:51 | reconforge.main      | INFO     | _log_to_appropriate_logger | [TOOL] Missing: dnsx - Fast DNS toolkit
2025-08-30 12:15:51 | reconforge.main      | INFO     | _log_to_appropriate_logger | [TOOL] Missing: subzy - Subdomain takeover checker
2025-08-30 12:15:51 | reconforge.main      | INFO     | _log_to_appropriate_logger | [TOOL] Missing: subzy - Subdomain takeover checker
2025-08-30 12:15:51 | reconforge.main      | INFO     | _log_to_appropriate_logger | [TOOL] Missing: chaos - Subdomain discovery via Chaos API
2025-08-30 12:15:51 | reconforge.main      | INFO     | _log_to_appropriate_logger | [TOOL] Missing: chaos - Subdomain discovery via Chaos API
2025-08-30 12:15:51 | reconforge.main      | INFO     | _log_to_appropriate_logger | [PERFORMANCE] Operation 'core.database.create_session' completed in 1.23ms | Data: {"operation_id": "core.database.create_session_1756570551580", "operation_name": "core.database.create_session", "duration_ms": 1.23, "success": true, "thread_id": "MainThread", "function_result": "success"} | Duration: 1.23ms
2025-08-30 12:15:51 | reconforge.main      | INFO     | _log_to_appropriate_logger | [PERFORMANCE] Operation 'core.database.create_session' completed in 1.23ms | Data: {"operation_id": "core.database.create_session_1756570551580", "operation_name": "core.database.create_session", "duration_ms": 1.23, "success": true, "thread_id": "MainThread", "function_result": "success"} | Duration: 1.23ms
2025-08-30 12:15:51 | reconforge.main      | INFO     | _log_to_appropriate_logger | [SYSTEM] Terminal UI initialized
2025-08-30 12:15:51 | reconforge.main      | INFO     | _log_to_appropriate_logger | [SYSTEM] Terminal UI initialized
2025-08-30 12:15:51 | reconforge.main      | INFO     | _log_to_appropriate_logger | [SYSTEM] Terminal interface initialized successfully
2025-08-30 12:15:51 | reconforge.main      | INFO     | _log_to_appropriate_logger | [SYSTEM] Terminal interface initialized successfully
2025-08-30 12:15:51 | reconforge.main      | INFO     | _log_to_appropriate_logger | [SYSTEM] Application startup completed in 0.53s
2025-08-30 12:15:51 | reconforge.main      | INFO     | _log_to_appropriate_logger | [SYSTEM] Application startup completed in 0.53s
2025-08-30 12:15:51 | reconforge.main      | INFO     | _log_to_appropriate_logger | [SYSTEM] Starting main application run loop
2025-08-30 12:15:51 | reconforge.main      | INFO     | _log_to_appropriate_logger | [SYSTEM] Starting main application run loop
2025-08-30 12:15:51 | reconforge.main      | INFO     | _log_to_appropriate_logger | [SYSTEM] Starting terminal interface
2025-08-30 12:15:51 | reconforge.main      | INFO     | _log_to_appropriate_logger | [SYSTEM] Starting terminal interface
2025-08-30 12:15:51 | reconforge.main      | INFO     | _log_to_appropriate_logger | [SYSTEM] === ReconForge Application Shutdown ===
2025-08-30 12:15:51 | reconforge.main      | INFO     | _log_to_appropriate_logger | [SYSTEM] === ReconForge Application Shutdown ===
2025-08-30 12:15:51 | reconforge.main      | INFO     | _log_to_appropriate_logger | [SYSTEM] Closing database session...
2025-08-30 12:15:51 | reconforge.main      | INFO     | _log_to_appropriate_logger | [SYSTEM] Closing database session...
2025-08-30 12:15:51 | reconforge.main      | INFO     | _log_to_appropriate_logger | [PERFORMANCE] Operation 'core.database.end_session' completed in 0.33ms | Data: {"operation_id": "core.database.end_session_1756570551656", "operation_name": "core.database.end_session", "duration_ms": 0.33, "success": true, "thread_id": "MainThread", "function_result": "success"} | Duration: 0.33ms
2025-08-30 12:15:51 | reconforge.main      | INFO     | _log_to_appropriate_logger | [PERFORMANCE] Operation 'core.database.end_session' completed in 0.33ms | Data: {"operation_id": "core.database.end_session_1756570551656", "operation_name": "core.database.end_session", "duration_ms": 0.33, "success": true, "thread_id": "MainThread", "function_result": "success"} | Duration: 0.33ms
2025-08-30 12:15:51 | reconforge.main      | INFO     | _log_to_appropriate_logger | [SYSTEM] Total runtime: 0.53s
2025-08-30 12:15:51 | reconforge.main      | INFO     | _log_to_appropriate_logger | [SYSTEM] Total runtime: 0.53s
2025-08-30 12:15:51 | reconforge.main      | INFO     | _log_to_appropriate_logger | [SYSTEM] Application shutdown completed
2025-08-30 12:15:51 | reconforge.main      | INFO     | _log_to_appropriate_logger | [SYSTEM] Application shutdown completed
