2025-08-28 14:53:29 | reconforge.main      | INFO     | _log_to_appropriate_logger | [SYSTEM] ReconForge logging system initialized | Data: {"session_id": "reconforge_20250828_145329", "log_directory": "logs", "session_start": "2025-08-28T14:53:29.485369", "python_version": "3.13.6 (main, Aug  7 2025, 10:53:54) [GCC 14.2.0]", "platform": "linux"}
2025-08-28 14:53:29 | reconforge.main      | INFO     | _log_to_appropriate_logger | [SYSTEM] Log level changed to INFO
2025-08-28 14:53:29 | reconforge.main      | INFO     | _log_to_appropriate_logger | [SYSTEM] === ReconForge Application Startup ===
2025-08-28 14:53:29 | reconforge.main      | INFO     | _log_to_appropriate_logger | [SYSTEM] Version: 2.0.0
2025-08-28 14:53:29 | reconforge.main      | INFO     | _log_to_appropriate_logger | [SYSTEM] Build Date: 2025-08-28
2025-08-28 14:53:29 | reconforge.main      | INFO     | _log_to_appropriate_logger | [SYSTEM] Startup Time: 2025-08-28T18:53:29.485302+00:00
2025-08-28 14:53:29 | reconforge.main      | INFO     | _log_to_appropriate_logger | [SYSTEM] Python Version: 3.13.6 (main, Aug  7 2025, 10:53:54) [GCC 14.2.0]
2025-08-28 14:53:29 | reconforge.main      | INFO     | _log_to_appropriate_logger | [SYSTEM] Working Directory: /home/kali/reconforge
2025-08-28 14:53:29 | reconforge.main      | INFO     | _log_to_appropriate_logger | [SYSTEM] ReconForge logging system initialized | Data: {"session_id": "reconforge_20250828_145329", "log_directory": "logs", "session_start": "2025-08-28T14:53:29.486369", "python_version": "3.13.6 (main, Aug  7 2025, 10:53:54) [GCC 14.2.0]", "platform": "linux"}
2025-08-28 14:53:29 | reconforge.main      | INFO     | _log_to_appropriate_logger | [SYSTEM] ReconForge logging system initialized | Data: {"session_id": "reconforge_20250828_145329", "log_directory": "logs", "session_start": "2025-08-28T14:53:29.486369", "python_version": "3.13.6 (main, Aug  7 2025, 10:53:54) [GCC 14.2.0]", "platform": "linux"}
2025-08-28 14:53:29 | reconforge.main      | INFO     | _log_to_appropriate_logger | [CONFIG] Configuration loaded from file | Data: {"config_file": "config.json", "file_size_bytes": 6079}
2025-08-28 14:53:29 | reconforge.main      | INFO     | _log_to_appropriate_logger | [CONFIG] Configuration loaded from file | Data: {"config_file": "config.json", "file_size_bytes": 6079}
2025-08-28 14:53:29 | reconforge.main      | WARNING  | _log_to_appropriate_logger | [SYSTEM] Tool not found: subfinder
2025-08-28 14:53:29 | reconforge.main      | WARNING  | _log_to_appropriate_logger | [SYSTEM] Tool not found: subfinder
2025-08-28 14:53:29 | reconforge.main      | INFO     | _log_to_appropriate_logger | [CONFIG] Auto-detected tool: amass | Data: {"tool_path": "/usr/bin/amass"}
2025-08-28 14:53:29 | reconforge.main      | INFO     | _log_to_appropriate_logger | [CONFIG] Auto-detected tool: amass | Data: {"tool_path": "/usr/bin/amass"}
2025-08-28 14:53:29 | reconforge.main      | WARNING  | _log_to_appropriate_logger | [SYSTEM] Tool not found: assetfinder
2025-08-28 14:53:29 | reconforge.main      | WARNING  | _log_to_appropriate_logger | [SYSTEM] Tool not found: assetfinder
2025-08-28 14:53:29 | reconforge.main      | WARNING  | _log_to_appropriate_logger | [SYSTEM] Tool not found: nuclei
2025-08-28 14:53:29 | reconforge.main      | WARNING  | _log_to_appropriate_logger | [SYSTEM] Tool not found: nuclei
2025-08-28 14:53:29 | reconforge.main      | INFO     | _log_to_appropriate_logger | [CONFIG] Auto-detected tool: httpx | Data: {"tool_path": "/usr/bin/httpx"}
2025-08-28 14:53:29 | reconforge.main      | INFO     | _log_to_appropriate_logger | [CONFIG] Auto-detected tool: httpx | Data: {"tool_path": "/usr/bin/httpx"}
2025-08-28 14:53:29 | reconforge.main      | INFO     | _log_to_appropriate_logger | [CONFIG] Auto-detected tool: nmap | Data: {"tool_path": "/usr/bin/nmap"}
2025-08-28 14:53:29 | reconforge.main      | INFO     | _log_to_appropriate_logger | [CONFIG] Auto-detected tool: nmap | Data: {"tool_path": "/usr/bin/nmap"}
2025-08-28 14:53:29 | reconforge.main      | INFO     | _log_to_appropriate_logger | [CONFIG] Auto-detected tool: gobuster | Data: {"tool_path": "/usr/bin/gobuster"}
2025-08-28 14:53:29 | reconforge.main      | INFO     | _log_to_appropriate_logger | [CONFIG] Auto-detected tool: gobuster | Data: {"tool_path": "/usr/bin/gobuster"}
2025-08-28 14:53:29 | reconforge.main      | INFO     | _log_to_appropriate_logger | [CONFIG] Auto-detected tool: sqlmap | Data: {"tool_path": "/usr/bin/sqlmap"}
2025-08-28 14:53:29 | reconforge.main      | INFO     | _log_to_appropriate_logger | [CONFIG] Auto-detected tool: sqlmap | Data: {"tool_path": "/usr/bin/sqlmap"}
2025-08-28 14:53:29 | reconforge.main      | INFO     | _log_to_appropriate_logger | [CONFIG] Auto-detected tool: nikto | Data: {"tool_path": "/usr/bin/nikto"}
2025-08-28 14:53:29 | reconforge.main      | INFO     | _log_to_appropriate_logger | [CONFIG] Auto-detected tool: nikto | Data: {"tool_path": "/usr/bin/nikto"}
2025-08-28 14:53:29 | reconforge.main      | INFO     | _log_to_appropriate_logger | [CONFIG] Auto-detected tool: masscan | Data: {"tool_path": "/usr/bin/masscan"}
2025-08-28 14:53:29 | reconforge.main      | INFO     | _log_to_appropriate_logger | [CONFIG] Auto-detected tool: masscan | Data: {"tool_path": "/usr/bin/masscan"}
2025-08-28 14:53:29 | reconforge.main      | WARNING  | _log_to_appropriate_logger | [SYSTEM] Tool not found: shuffledns
2025-08-28 14:53:29 | reconforge.main      | WARNING  | _log_to_appropriate_logger | [SYSTEM] Tool not found: shuffledns
2025-08-28 14:53:29 | reconforge.main      | WARNING  | _log_to_appropriate_logger | [SYSTEM] Tool not found: gau
2025-08-28 14:53:29 | reconforge.main      | WARNING  | _log_to_appropriate_logger | [SYSTEM] Tool not found: gau
2025-08-28 14:53:29 | reconforge.main      | WARNING  | _log_to_appropriate_logger | [SYSTEM] Tool not found: waybackurls
2025-08-28 14:53:29 | reconforge.main      | WARNING  | _log_to_appropriate_logger | [SYSTEM] Tool not found: waybackurls
2025-08-28 14:53:29 | reconforge.main      | WARNING  | _log_to_appropriate_logger | [SYSTEM] Tool not found: testssl
2025-08-28 14:53:29 | reconforge.main      | WARNING  | _log_to_appropriate_logger | [SYSTEM] Tool not found: testssl
2025-08-28 14:53:29 | reconforge.main      | INFO     | _log_to_appropriate_logger | [CONFIG] Auto-detected 7 tools
2025-08-28 14:53:29 | reconforge.main      | INFO     | _log_to_appropriate_logger | [CONFIG] Auto-detected 7 tools
2025-08-28 14:53:29 | reconforge.main      | INFO     | _log_to_appropriate_logger | [PERFORMANCE] Operation 'core.config.load_config' completed in 2.08ms | Data: {"operation_id": "core.config.load_config_1756407209486", "operation_name": "core.config.load_config", "duration_ms": 2.08, "success": true, "thread_id": "MainThread", "function_result": "success"} | Duration: 2.08ms
2025-08-28 14:53:29 | reconforge.main      | INFO     | _log_to_appropriate_logger | [PERFORMANCE] Operation 'core.config.load_config' completed in 2.08ms | Data: {"operation_id": "core.config.load_config_1756407209486", "operation_name": "core.config.load_config", "duration_ms": 2.08, "success": true, "thread_id": "MainThread", "function_result": "success"} | Duration: 2.08ms
2025-08-28 14:53:29 | reconforge.main      | INFO     | _log_to_appropriate_logger | [CONFIG] Configuration system initialized | Data: {"config_file": "config.json", "sections": ["general", "api_keys", "tools", "terminal", "performance", "scanning", "reporting"], "backup_dir": "config_backups"}
2025-08-28 14:53:29 | reconforge.main      | INFO     | _log_to_appropriate_logger | [CONFIG] Configuration system initialized | Data: {"config_file": "config.json", "sections": ["general", "api_keys", "tools", "terminal", "performance", "scanning", "reporting"], "backup_dir": "config_backups"}
2025-08-28 14:53:29 | reconforge.main      | INFO     | _log_to_appropriate_logger | [CONFIG] Configuration loaded from file | Data: {"config_file": "config.json", "file_size_bytes": 6079}
2025-08-28 14:53:29 | reconforge.main      | INFO     | _log_to_appropriate_logger | [CONFIG] Configuration loaded from file | Data: {"config_file": "config.json", "file_size_bytes": 6079}
2025-08-28 14:53:29 | reconforge.main      | WARNING  | _log_to_appropriate_logger | [SYSTEM] Tool not found: subfinder
2025-08-28 14:53:29 | reconforge.main      | WARNING  | _log_to_appropriate_logger | [SYSTEM] Tool not found: subfinder
2025-08-28 14:53:29 | reconforge.main      | INFO     | _log_to_appropriate_logger | [CONFIG] Auto-detected tool: amass | Data: {"tool_path": "/usr/bin/amass"}
2025-08-28 14:53:29 | reconforge.main      | INFO     | _log_to_appropriate_logger | [CONFIG] Auto-detected tool: amass | Data: {"tool_path": "/usr/bin/amass"}
2025-08-28 14:53:29 | reconforge.main      | WARNING  | _log_to_appropriate_logger | [SYSTEM] Tool not found: assetfinder
2025-08-28 14:53:29 | reconforge.main      | WARNING  | _log_to_appropriate_logger | [SYSTEM] Tool not found: assetfinder
2025-08-28 14:53:29 | reconforge.main      | WARNING  | _log_to_appropriate_logger | [SYSTEM] Tool not found: nuclei
2025-08-28 14:53:29 | reconforge.main      | WARNING  | _log_to_appropriate_logger | [SYSTEM] Tool not found: nuclei
2025-08-28 14:53:29 | reconforge.main      | INFO     | _log_to_appropriate_logger | [CONFIG] Auto-detected tool: httpx | Data: {"tool_path": "/usr/bin/httpx"}
2025-08-28 14:53:29 | reconforge.main      | INFO     | _log_to_appropriate_logger | [CONFIG] Auto-detected tool: httpx | Data: {"tool_path": "/usr/bin/httpx"}
2025-08-28 14:53:29 | reconforge.main      | INFO     | _log_to_appropriate_logger | [CONFIG] Auto-detected tool: nmap | Data: {"tool_path": "/usr/bin/nmap"}
2025-08-28 14:53:29 | reconforge.main      | INFO     | _log_to_appropriate_logger | [CONFIG] Auto-detected tool: nmap | Data: {"tool_path": "/usr/bin/nmap"}
2025-08-28 14:53:29 | reconforge.main      | INFO     | _log_to_appropriate_logger | [CONFIG] Auto-detected tool: gobuster | Data: {"tool_path": "/usr/bin/gobuster"}
2025-08-28 14:53:29 | reconforge.main      | INFO     | _log_to_appropriate_logger | [CONFIG] Auto-detected tool: gobuster | Data: {"tool_path": "/usr/bin/gobuster"}
2025-08-28 14:53:29 | reconforge.main      | INFO     | _log_to_appropriate_logger | [CONFIG] Auto-detected tool: sqlmap | Data: {"tool_path": "/usr/bin/sqlmap"}
2025-08-28 14:53:29 | reconforge.main      | INFO     | _log_to_appropriate_logger | [CONFIG] Auto-detected tool: sqlmap | Data: {"tool_path": "/usr/bin/sqlmap"}
2025-08-28 14:53:29 | reconforge.main      | INFO     | _log_to_appropriate_logger | [CONFIG] Auto-detected tool: nikto | Data: {"tool_path": "/usr/bin/nikto"}
2025-08-28 14:53:29 | reconforge.main      | INFO     | _log_to_appropriate_logger | [CONFIG] Auto-detected tool: nikto | Data: {"tool_path": "/usr/bin/nikto"}
2025-08-28 14:53:29 | reconforge.main      | INFO     | _log_to_appropriate_logger | [CONFIG] Auto-detected tool: masscan | Data: {"tool_path": "/usr/bin/masscan"}
2025-08-28 14:53:29 | reconforge.main      | INFO     | _log_to_appropriate_logger | [CONFIG] Auto-detected tool: masscan | Data: {"tool_path": "/usr/bin/masscan"}
2025-08-28 14:53:29 | reconforge.main      | WARNING  | _log_to_appropriate_logger | [SYSTEM] Tool not found: shuffledns
2025-08-28 14:53:29 | reconforge.main      | WARNING  | _log_to_appropriate_logger | [SYSTEM] Tool not found: shuffledns
2025-08-28 14:53:29 | reconforge.main      | WARNING  | _log_to_appropriate_logger | [SYSTEM] Tool not found: gau
2025-08-28 14:53:29 | reconforge.main      | WARNING  | _log_to_appropriate_logger | [SYSTEM] Tool not found: gau
2025-08-28 14:53:29 | reconforge.main      | WARNING  | _log_to_appropriate_logger | [SYSTEM] Tool not found: waybackurls
2025-08-28 14:53:29 | reconforge.main      | WARNING  | _log_to_appropriate_logger | [SYSTEM] Tool not found: waybackurls
2025-08-28 14:53:29 | reconforge.main      | WARNING  | _log_to_appropriate_logger | [SYSTEM] Tool not found: testssl
2025-08-28 14:53:29 | reconforge.main      | WARNING  | _log_to_appropriate_logger | [SYSTEM] Tool not found: testssl
2025-08-28 14:53:29 | reconforge.main      | INFO     | _log_to_appropriate_logger | [CONFIG] Auto-detected 7 tools
2025-08-28 14:53:29 | reconforge.main      | INFO     | _log_to_appropriate_logger | [CONFIG] Auto-detected 7 tools
2025-08-28 14:53:29 | reconforge.main      | INFO     | _log_to_appropriate_logger | [PERFORMANCE] Operation 'core.config.load_config' completed in 2.03ms | Data: {"operation_id": "core.config.load_config_1756407209489", "operation_name": "core.config.load_config", "duration_ms": 2.03, "success": true, "thread_id": "MainThread", "function_result": "success"} | Duration: 2.03ms
2025-08-28 14:53:29 | reconforge.main      | INFO     | _log_to_appropriate_logger | [PERFORMANCE] Operation 'core.config.load_config' completed in 2.03ms | Data: {"operation_id": "core.config.load_config_1756407209489", "operation_name": "core.config.load_config", "duration_ms": 2.03, "success": true, "thread_id": "MainThread", "function_result": "success"} | Duration: 2.03ms
2025-08-28 14:53:29 | reconforge.main      | INFO     | _log_to_appropriate_logger | [SYSTEM] Configuration loaded successfully
2025-08-28 14:53:29 | reconforge.main      | INFO     | _log_to_appropriate_logger | [SYSTEM] Configuration loaded successfully
2025-08-28 14:53:29 | reconforge.main      | ERROR    | _log_to_appropriate_logger | [ERROR] Application startup failed: ReconForgeDatabase.__init__() got an unexpected keyword argument 'logger'
2025-08-28 14:53:29 | reconforge.main      | ERROR    | _log_to_appropriate_logger | [ERROR] Application startup failed: ReconForgeDatabase.__init__() got an unexpected keyword argument 'logger'
2025-08-28 14:53:29 | reconforge.main      | ERROR    | _log_to_appropriate_logger | [ERROR] Startup traceback: Traceback (most recent call last):
  File "/home/kali/reconforge/main.py", line 115, in startup
    self.database = ReconForgeDatabase(
                    ~~~~~~~~~~~~~~~~~~^
        db_path='data/reconforge.db',
        ^^^^^^^^^^^^^^^^^^^^^^^^^^^^^
        logger=self.logger
        ^^^^^^^^^^^^^^^^^^
    )
    ^
TypeError: ReconForgeDatabase.__init__() got an unexpected keyword argument 'logger'

2025-08-28 14:53:29 | reconforge.main      | ERROR    | _log_to_appropriate_logger | [ERROR] Startup traceback: Traceback (most recent call last):
  File "/home/kali/reconforge/main.py", line 115, in startup
    self.database = ReconForgeDatabase(
                    ~~~~~~~~~~~~~~~~~~^
        db_path='data/reconforge.db',
        ^^^^^^^^^^^^^^^^^^^^^^^^^^^^^
        logger=self.logger
        ^^^^^^^^^^^^^^^^^^
    )
    ^
TypeError: ReconForgeDatabase.__init__() got an unexpected keyword argument 'logger'

